
ROM used:   101/1024 (10%)
            101/1024 (10%) including unused fragments

            0.2 Average locations per line
            3.0 Average locations per statement

RAM used:   5/68 (7%) at main() level
            9/68 (13%) worst case

Stack used: 0 worst case (0 in main + 0 for interrupts)
Stack size: 8

Lines Stmts  %   Files
----- ----- ---  -----
   61    34 100  led yakma.c
  394     0   0  C:\Program Files (x86)\PICC\Devices\16F84A.h
----- -----
  455    34 Total

Page ROM  %  RAM   Vol Diff  Functions:
---- --- --- ---   --- ----  ----------
0     19  19    1             @delay_ms1
0     78  77    1   909  5.0  main
 Inline         0             @cinit1

Program metrics:
    Functions               1
    Statements              34
    Comments                70
    Volume (V)              915
    Difficulty (D)          4.9
    Effort to implement (E) 4438
    Time to implement (T)   4 minutes
    Est Delivered Bugs (B)  0
    Cyclomatic Complexity   6
    Maintainability (MI)    96

 Segment     Used  Free
-----------  ----  ----
00000-00003     4  0  
00004-003FF    97  923  



